# JRE version: Java(TM) SE Runtime Environment 18.9 (11.0.20+9) (build 11.0.20+9-LTS-256)
# Java VM: Java HotSpot(TM) 64-Bit Server VM 18.9 (11.0.20+9-LTS-256, mixed mode, tiered, compressed oops, g1 gc, windows-amd64)
Heap:
 garbage-first heap   total 782336K, used 295649K [0x0000000505400000, 0x0000000800000000)
  region size 2048K, 138 young (282624K), 22 survivors (45056K)
 Metaspace       used 92397K, capacity 96464K, committed 96720K, reserved 1132544K
  class space    used 11367K, capacity 12848K, committed 12928K, reserved 1048576K
GC Heap History (10 events):
Event: 6.508 GC heap before
{Heap before GC invocations=7 (full 0):
 garbage-first heap   total 782336K, used 184171K [0x0000000505400000, 0x0000000800000000)
  region size 2048K, 84 young (172032K), 4 survivors (8192K)
 Metaspace       used 39662K, capacity 40776K, committed 40880K, reserved 1085440K
  class space    used 4847K, capacity 5284K, committed 5376K, reserved 1048576K
}
Event: 6.515 GC heap after
{Heap after GC invocations=8 (full 0):
 garbage-first heap   total 782336K, used 25370K [0x0000000505400000, 0x0000000800000000)
  region size 2048K, 7 young (14336K), 7 survivors (14336K)
 Metaspace       used 39662K, capacity 40776K, committed 40880K, reserved 1085440K
  class space    used 4847K, capacity 5284K, committed 5376K, reserved 1048576K
}
Event: 9.170 GC heap before
{Heap before GC invocations=8 (full 0):
 garbage-first heap   total 782336K, used 242458K [0x0000000505400000, 0x0000000800000000)
  region size 2048K, 113 young (231424K), 7 survivors (14336K)
 Metaspace       used 53859K, capacity 55233K, committed 55472K, reserved 1097728K
  class space    used 6620K, capacity 7166K, committed 7168K, reserved 1048576K
}
Event: 9.181 GC heap after
{Heap after GC invocations=9 (full 0):
 garbage-first heap   total 782336K, used 31584K [0x0000000505400000, 0x0000000800000000)
  region size 2048K, 10 young (20480K), 10 survivors (20480K)
 Metaspace       used 53859K, capacity 55233K, committed 55472K, reserved 1097728K
  class space    used 6620K, capacity 7166K, committed 7168K, reserved 1048576K
}
Event: 9.968 GC heap before
{Heap before GC invocations=9 (full 0):
 garbage-first heap   total 782336K, used 138080K [0x0000000505400000, 0x0000000800000000)
  region size 2048K, 63 young (129024K), 10 survivors (20480K)
 Metaspace       used 58534K, capacity 60093K, committed 60240K, reserved 1101824K
  class space    used 7231K, capacity 7869K, committed 7936K, reserved 1048576K
}
Event: 9.984 GC heap after
{Heap after GC invocations=10 (full 0):
 garbage-first heap   total 782336K, used 34667K [0x0000000505400000, 0x0000000800000000)
  region size 2048K, 11 young (22528K), 11 survivors (22528K)
 Metaspace       used 58534K, capacity 60093K, committed 60240K, reserved 1101824K
  class space    used 7231K, capacity 7869K, committed 7936K, reserved 1048576K
}
Event: 15.070 GC heap before
{Heap before GC invocations=11 (full 0):
 garbage-first heap   total 782336K, used 481131K [0x0000000505400000, 0x0000000800000000)
  region size 2048K, 229 young (468992K), 11 survivors (22528K)
 Metaspace       used 73758K, capacity 75865K, committed 75984K, reserved 1116160K
  class space    used 9016K, capacity 9829K, committed 9856K, reserved 1048576K
}
Event: 15.085 GC heap after
{Heap after GC invocations=12 (full 0):
 garbage-first heap   total 782336K, used 46738K [0x0000000505400000, 0x0000000800000000)
  region size 2048K, 17 young (34816K), 17 survivors (34816K)
 Metaspace       used 73758K, capacity 75865K, committed 75984K, reserved 1116160K
  class space    used 9016K, capacity 9829K, committed 9856K, reserved 1048576K
}
Event: 159.505 GC heap before
{Heap before GC invocations=12 (full 0):
 garbage-first heap   total 782336K, used 478866K [0x0000000505400000, 0x0000000800000000)
  region size 2048K, 229 young (468992K), 17 survivors (34816K)
 Metaspace       used 90712K, capacity 94465K, committed 94544K, reserved 1132544K
  class space    used 11149K, capacity 12543K, committed 12544K, reserved 1048576K
}
Event: 159.553 GC heap after
{Heap after GC invocations=13 (full 0):
 garbage-first heap   total 782336K, used 60129K [0x0000000505400000, 0x0000000800000000)
  region size 2048K, 22 young (45056K), 22 survivors (45056K)
 Metaspace       used 90712K, capacity 94465K, committed 94544K, reserved 1132544K
  class space    used 11149K, capacity 12543K, committed 12544K, reserved 1048576K
}

