# JRE version: Java(TM) SE Runtime Environment 18.9 (11.0.20+9) (build 11.0.20+9-LTS-256)
# Java VM: Java HotSpot(TM) 64-Bit Server VM 18.9 (11.0.20+9-LTS-256, mixed mode, tiered, compressed oops, g1 gc, windows-amd64)
Heap:
 garbage-first heap   total 782336K, used 240081K [0x0000000505400000, 0x0000000800000000)
  region size 2048K, 114 young (233472K), 20 survivors (40960K)
 Metaspace       used 83820K, capacity 86893K, committed 86940K, reserved 1124352K
  class space    used 10566K, capacity 11767K, committed 11800K, reserved 1048576K
GC Heap History (10 events):
Event: 6.955 GC heap before
{Heap before GC invocations=6 (full 0):
 garbage-first heap   total 782336K, used 25228K [0x0000000505400000, 0x0000000800000000)
  region size 2048K, 8 young (16384K), 4 survivors (8192K)
 Metaspace       used 34997K, capacity 35990K, committed 36048K, reserved 1081344K
  class space    used 4261K, capacity 4654K, committed 4684K, reserved 1048576K
}
Event: 6.964 GC heap after
{Heap after GC invocations=7 (full 0):
 garbage-first heap   total 782336K, used 19415K [0x0000000505400000, 0x0000000800000000)
  region size 2048K, 4 young (8192K), 4 survivors (8192K)
 Metaspace       used 34997K, capacity 35990K, committed 36048K, reserved 1081344K
  class space    used 4261K, capacity 4654K, committed 4684K, reserved 1048576K
}
Event: 9.084 GC heap before
{Heap before GC invocations=8 (full 0):
 garbage-first heap   total 782336K, used 175063K [0x0000000505400000, 0x0000000800000000)
  region size 2048K, 80 young (163840K), 4 survivors (8192K)
 Metaspace       used 39186K, capacity 40337K, committed 40476K, reserved 1085440K
  class space    used 4807K, capacity 5256K, committed 5272K, reserved 1048576K
}
Event: 9.099 GC heap after
{Heap after GC invocations=9 (full 0):
 garbage-first heap   total 782336K, used 23568K [0x0000000505400000, 0x0000000800000000)
  region size 2048K, 6 young (12288K), 6 survivors (12288K)
 Metaspace       used 39186K, capacity 40337K, committed 40476K, reserved 1085440K
  class space    used 4807K, capacity 5256K, committed 5272K, reserved 1048576K
}
Event: 12.137 GC heap before
{Heap before GC invocations=9 (full 0):
 garbage-first heap   total 782336K, used 222224K [0x0000000505400000, 0x0000000800000000)
  region size 2048K, 103 young (210944K), 6 survivors (12288K)
 Metaspace       used 48772K, capacity 50317K, committed 50460K, reserved 1093632K
  class space    used 6066K, capacity 6669K, committed 6808K, reserved 1048576K
}
Event: 12.158 GC heap after
{Heap after GC invocations=10 (full 0):
 garbage-first heap   total 782336K, used 28134K [0x0000000505400000, 0x0000000800000000)
  region size 2048K, 9 young (18432K), 9 survivors (18432K)
 Metaspace       used 48772K, capacity 50317K, committed 50460K, reserved 1093632K
  class space    used 6066K, capacity 6669K, committed 6808K, reserved 1048576K
}
Event: 17.256 GC heap before
{Heap before GC invocations=10 (full 0):
 garbage-first heap   total 782336K, used 196070K [0x0000000505400000, 0x0000000800000000)
  region size 2048K, 92 young (188416K), 9 survivors (18432K)
 Metaspace       used 58691K, capacity 60452K, committed 60572K, reserved 1101824K
  class space    used 7416K, capacity 8145K, committed 8216K, reserved 1048576K
}
Event: 17.285 GC heap after
{Heap after GC invocations=11 (full 0):
 garbage-first heap   total 782336K, used 32901K [0x0000000505400000, 0x0000000800000000)
  region size 2048K, 11 young (22528K), 11 survivors (22528K)
 Metaspace       used 58691K, capacity 60452K, committed 60572K, reserved 1101824K
  class space    used 7416K, capacity 8145K, committed 8216K, reserved 1048576K
}
Event: 27.340 GC heap before
{Heap before GC invocations=12 (full 0):
 garbage-first heap   total 782336K, used 389253K [0x0000000505400000, 0x0000000800000000)
  region size 2048K, 186 young (380928K), 11 survivors (22528K)
 Metaspace       used 74845K, capacity 77167K, committed 77340K, reserved 1116160K
  class space    used 9372K, capacity 10303K, committed 10392K, reserved 1048576K
}
Event: 27.379 GC heap after
{Heap after GC invocations=13 (full 0):
 garbage-first heap   total 782336K, used 51665K [0x0000000505400000, 0x0000000800000000)
  region size 2048K, 20 young (40960K), 20 survivors (40960K)
 Metaspace       used 74845K, capacity 77167K, committed 77340K, reserved 1116160K
  class space    used 9372K, capacity 10303K, committed 10392K, reserved 1048576K
}

