# JRE version: Java(TM) SE Runtime Environment 18.9 (11.0.20+9) (build 11.0.20+9-LTS-256)
# Java VM: Java HotSpot(TM) 64-Bit Server VM 18.9 (11.0.20+9-LTS-256, mixed mode, tiered, compressed oops, g1 gc, windows-amd64)
Heap:
 garbage-first heap   total 782336K, used 141106K [0x0000000505400000, 0x0000000800000000)
  region size 2048K, 66 young (135168K), 23 survivors (47104K)
 Metaspace       used 78102K, capacity 80953K, committed 81200K, reserved 1120256K
  class space    used 9700K, capacity 10774K, committed 10880K, reserved 1048576K
GC Heap History (10 events):
Event: 6.665 GC heap before
{Heap before GC invocations=6 (full 0):
 garbage-first heap   total 782336K, used 123836K [0x0000000505400000, 0x0000000800000000)
  region size 2048K, 56 young (114688K), 3 survivors (6144K)
 Metaspace       used 34782K, capacity 35786K, committed 35888K, reserved 1081344K
  class space    used 4233K, capacity 4650K, committed 4736K, reserved 1048576K
}
Event: 6.675 GC heap after
{Heap after GC invocations=7 (full 0):
 garbage-first heap   total 782336K, used 19930K [0x0000000505400000, 0x0000000800000000)
  region size 2048K, 4 young (8192K), 4 survivors (8192K)
 Metaspace       used 34782K, capacity 35786K, committed 35888K, reserved 1081344K
  class space    used 4233K, capacity 4650K, committed 4736K, reserved 1048576K
}
Event: 7.803 GC heap before
{Heap before GC invocations=8 (full 0):
 garbage-first heap   total 782336K, used 179674K [0x0000000505400000, 0x0000000800000000)
  region size 2048K, 82 young (167936K), 4 survivors (8192K)
 Metaspace       used 39221K, capacity 40329K, committed 40624K, reserved 1085440K
  class space    used 4836K, capacity 5298K, committed 5376K, reserved 1048576K
}
Event: 7.810 GC heap after
{Heap after GC invocations=9 (full 0):
 garbage-first heap   total 782336K, used 24691K [0x0000000505400000, 0x0000000800000000)
  region size 2048K, 7 young (14336K), 7 survivors (14336K)
 Metaspace       used 39221K, capacity 40329K, committed 40624K, reserved 1085440K
  class space    used 4836K, capacity 5298K, committed 5376K, reserved 1048576K
}
Event: 13.992 GC heap before
{Heap before GC invocations=9 (full 0):
 garbage-first heap   total 782336K, used 254067K [0x0000000505400000, 0x0000000800000000)
  region size 2048K, 119 young (243712K), 7 survivors (14336K)
 Metaspace       used 54955K, capacity 56471K, committed 56752K, reserved 1099776K
  class space    used 6702K, capacity 7297K, committed 7424K, reserved 1048576K
}
Event: 14.009 GC heap after
{Heap after GC invocations=10 (full 0):
 garbage-first heap   total 782336K, used 31862K [0x0000000505400000, 0x0000000800000000)
  region size 2048K, 10 young (20480K), 10 survivors (20480K)
 Metaspace       used 54955K, capacity 56471K, committed 56752K, reserved 1099776K
  class space    used 6702K, capacity 7297K, committed 7424K, reserved 1048576K
}
Event: 14.732 GC heap before
{Heap before GC invocations=10 (full 0):
 garbage-first heap   total 782336K, used 103542K [0x0000000505400000, 0x0000000800000000)
  region size 2048K, 46 young (94208K), 10 survivors (20480K)
 Metaspace       used 58528K, capacity 60163K, committed 60208K, reserved 1101824K
  class space    used 7153K, capacity 7800K, committed 7808K, reserved 1048576K
}
Event: 14.754 GC heap after
{Heap after GC invocations=11 (full 0):
 garbage-first heap   total 782336K, used 33848K [0x0000000505400000, 0x0000000800000000)
  region size 2048K, 11 young (22528K), 11 survivors (22528K)
 Metaspace       used 58528K, capacity 60163K, committed 60208K, reserved 1101824K
  class space    used 7153K, capacity 7800K, committed 7808K, reserved 1048576K
}
Event: 26.240 GC heap before
{Heap before GC invocations=12 (full 0):
 garbage-first heap   total 782336K, used 478264K [0x0000000505400000, 0x0000000800000000)
  region size 2048K, 229 young (468992K), 11 survivors (22528K)
 Metaspace       used 76215K, capacity 78515K, committed 78768K, reserved 1118208K
  class space    used 9334K, capacity 10191K, committed 10240K, reserved 1048576K
}
Event: 26.271 GC heap after
{Heap after GC invocations=13 (full 0):
 garbage-first heap   total 782336K, used 57138K [0x0000000505400000, 0x0000000800000000)
  region size 2048K, 23 young (47104K), 23 survivors (47104K)
 Metaspace       used 76215K, capacity 78515K, committed 78768K, reserved 1118208K
  class space    used 9334K, capacity 10191K, committed 10240K, reserved 1048576K
}

