# JRE version: Java(TM) SE Runtime Environment 18.9 (11.0.20+9) (build 11.0.20+9-LTS-256)
# Java VM: Java HotSpot(TM) 64-Bit Server VM 18.9 (11.0.20+9-LTS-256, mixed mode, tiered, compressed oops, g1 gc, windows-amd64)
Heap:
 garbage-first heap   total 940032K, used 253700K [0x0000000505400000, 0x0000000800000000)
  region size 2048K, 119 young (243712K), 17 survivors (34816K)
 Metaspace       used 80421K, capacity 82900K, committed 83152K, reserved 1122304K
  class space    used 9857K, capacity 10821K, committed 10880K, reserved 1048576K
GC Heap History (10 events):
Event: 4.976 GC heap before
{Heap before GC invocations=5 (full 0):
 garbage-first heap   total 782336K, used 128015K [0x0000000505400000, 0x0000000800000000)
  region size 2048K, 58 young (118784K), 3 survivors (6144K)
 Metaspace       used 34728K, capacity 35750K, committed 35888K, reserved 1081344K
  class space    used 4222K, capacity 4616K, committed 4736K, reserved 1048576K
}
Event: 4.984 GC heap after
{Heap after GC invocations=6 (full 0):
 garbage-first heap   total 782336K, used 20110K [0x0000000505400000, 0x0000000800000000)
  region size 2048K, 4 young (8192K), 4 survivors (8192K)
 Metaspace       used 34728K, capacity 35750K, committed 35888K, reserved 1081344K
  class space    used 4222K, capacity 4616K, committed 4736K, reserved 1048576K
}
Event: 6.669 GC heap before
{Heap before GC invocations=7 (full 0):
 garbage-first heap   total 782336K, used 179854K [0x0000000505400000, 0x0000000800000000)
  region size 2048K, 82 young (167936K), 4 survivors (8192K)
 Metaspace       used 39397K, capacity 40585K, committed 40880K, reserved 1085440K
  class space    used 4845K, capacity 5321K, committed 5376K, reserved 1048576K
}
Event: 6.679 GC heap after
{Heap after GC invocations=8 (full 0):
 garbage-first heap   total 782336K, used 24950K [0x0000000505400000, 0x0000000800000000)
  region size 2048K, 7 young (14336K), 7 survivors (14336K)
 Metaspace       used 39397K, capacity 40585K, committed 40880K, reserved 1085440K
  class space    used 4845K, capacity 5321K, committed 5376K, reserved 1048576K
}
Event: 9.577 GC heap before
{Heap before GC invocations=8 (full 0):
 garbage-first heap   total 782336K, used 235894K [0x0000000505400000, 0x0000000800000000)
  region size 2048K, 110 young (225280K), 7 survivors (14336K)
 Metaspace       used 52575K, capacity 53943K, committed 54064K, reserved 1095680K
  class space    used 6498K, capacity 7026K, committed 7040K, reserved 1048576K
}
Event: 9.590 GC heap after
{Heap after GC invocations=9 (full 0):
 garbage-first heap   total 782336K, used 30970K [0x0000000505400000, 0x0000000800000000)
  region size 2048K, 10 young (20480K), 10 survivors (20480K)
 Metaspace       used 52575K, capacity 53943K, committed 54064K, reserved 1095680K
  class space    used 6498K, capacity 7026K, committed 7040K, reserved 1048576K
}
Event: 10.404 GC heap before
{Heap before GC invocations=9 (full 0):
 garbage-first heap   total 782336K, used 155898K [0x0000000505400000, 0x0000000800000000)
  region size 2048K, 71 young (145408K), 10 survivors (20480K)
 Metaspace       used 58514K, capacity 60100K, committed 60240K, reserved 1101824K
  class space    used 7229K, capacity 7845K, committed 7936K, reserved 1048576K
}
Event: 10.420 GC heap after
{Heap after GC invocations=10 (full 0):
 garbage-first heap   total 782336K, used 34564K [0x0000000505400000, 0x0000000800000000)
  region size 2048K, 11 young (22528K), 11 survivors (22528K)
 Metaspace       used 58514K, capacity 60100K, committed 60240K, reserved 1101824K
  class space    used 7229K, capacity 7845K, committed 7936K, reserved 1048576K
}
Event: 15.617 GC heap before
{Heap before GC invocations=11 (full 0):
 garbage-first heap   total 782336K, used 481028K [0x0000000505400000, 0x0000000800000000)
  region size 2048K, 229 young (468992K), 11 survivors (22528K)
 Metaspace       used 73757K, capacity 75935K, committed 75984K, reserved 1116160K
  class space    used 9005K, capacity 9830K, committed 9856K, reserved 1048576K
}
Event: 15.640 GC heap after
{Heap after GC invocations=12 (full 0):
 garbage-first heap   total 940032K, used 46852K [0x0000000505400000, 0x0000000800000000)
  region size 2048K, 17 young (34816K), 17 survivors (34816K)
 Metaspace       used 73757K, capacity 75935K, committed 75984K, reserved 1116160K
  class space    used 9005K, capacity 9830K, committed 9856K, reserved 1048576K
}

