# JRE version: Java(TM) SE Runtime Environment 18.9 (11.0.20+9) (build 11.0.20+9-LTS-256)
# Java VM: Java HotSpot(TM) 64-Bit Server VM 18.9 (11.0.20+9-LTS-256, mixed mode, tiered, compressed oops, g1 gc, windows-amd64)
Heap:
 garbage-first heap   total 782336K, used 282996K [0x0000000505400000, 0x0000000800000000)
  region size 2048K, 134 young (274432K), 12 survivors (24576K)
 Metaspace       used 66603K, capacity 69190K, committed 69424K, reserved 1110016K
  class space    used 8538K, capacity 9518K, committed 9600K, reserved 1048576K
GC Heap History (10 events):
Event: 9.769 GC heap before
{Heap before GC invocations=2 (full 0):
 garbage-first heap   total 782336K, used 65447K [0x0000000505400000, 0x0000000800000000)
  region size 2048K, 28 young (57344K), 1 survivors (2048K)
 Metaspace       used 20520K, capacity 21235K, committed 21296K, reserved 1069056K
  class space    used 2386K, capacity 2674K, committed 2688K, reserved 1048576K
}
Event: 9.775 GC heap after
{Heap after GC invocations=3 (full 0):
 garbage-first heap   total 782336K, used 13766K [0x0000000505400000, 0x0000000800000000)
  region size 2048K, 2 young (4096K), 2 survivors (4096K)
 Metaspace       used 20520K, capacity 21235K, committed 21296K, reserved 1069056K
  class space    used 2386K, capacity 2674K, committed 2688K, reserved 1048576K
}
Event: 10.348 GC heap before
{Heap before GC invocations=4 (full 0):
 garbage-first heap   total 782336K, used 91590K [0x0000000505400000, 0x0000000800000000)
  region size 2048K, 41 young (83968K), 2 survivors (4096K)
 Metaspace       used 26505K, capacity 27313K, committed 27440K, reserved 1073152K
  class space    used 3272K, capacity 3611K, committed 3712K, reserved 1048576K
}
Event: 10.354 GC heap after
{Heap after GC invocations=5 (full 0):
 garbage-first heap   total 782336K, used 15484K [0x0000000505400000, 0x0000000800000000)
  region size 2048K, 3 young (6144K), 3 survivors (6144K)
 Metaspace       used 26505K, capacity 27313K, committed 27440K, reserved 1073152K
  class space    used 3272K, capacity 3611K, committed 3712K, reserved 1048576K
}
Event: 13.541 GC heap before
{Heap before GC invocations=5 (full 0):
 garbage-first heap   total 782336K, used 162940K [0x0000000505400000, 0x0000000800000000)
  region size 2048K, 76 young (155648K), 3 survivors (6144K)
 Metaspace       used 34820K, capacity 35803K, committed 35888K, reserved 1081344K
  class space    used 4314K, capacity 4711K, committed 4736K, reserved 1048576K
}
Event: 13.554 GC heap after
{Heap after GC invocations=6 (full 0):
 garbage-first heap   total 782336K, used 19806K [0x0000000505400000, 0x0000000800000000)
  region size 2048K, 5 young (10240K), 5 survivors (10240K)
 Metaspace       used 34820K, capacity 35803K, committed 35888K, reserved 1081344K
  class space    used 4314K, capacity 4711K, committed 4736K, reserved 1048576K
}
Event: 24.277 GC heap before
{Heap before GC invocations=7 (full 0):
 garbage-first heap   total 782336K, used 478558K [0x0000000505400000, 0x0000000800000000)
  region size 2048K, 229 young (468992K), 5 survivors (10240K)
 Metaspace       used 57716K, capacity 59405K, committed 59568K, reserved 1101824K
  class space    used 7253K, capacity 7912K, committed 7936K, reserved 1048576K
}
Event: 24.293 GC heap after
{Heap after GC invocations=8 (full 0):
 garbage-first heap   total 782336K, used 32773K [0x0000000505400000, 0x0000000800000000)
  region size 2048K, 11 young (22528K), 11 survivors (22528K)
 Metaspace       used 57716K, capacity 59405K, committed 59568K, reserved 1101824K
  class space    used 7253K, capacity 7912K, committed 7936K, reserved 1048576K
}
Event: 24.561 GC heap before
{Heap before GC invocations=8 (full 0):
 garbage-first heap   total 782336K, used 71685K [0x0000000505400000, 0x0000000800000000)
  region size 2048K, 31 young (63488K), 11 survivors (22528K)
 Metaspace       used 58391K, capacity 60144K, committed 60208K, reserved 1101824K
  class space    used 7321K, capacity 8014K, committed 8064K, reserved 1048576K
}
Event: 24.578 GC heap after
{Heap after GC invocations=9 (full 0):
 garbage-first heap   total 782336K, used 35188K [0x0000000505400000, 0x0000000800000000)
  region size 2048K, 12 young (24576K), 12 survivors (24576K)
 Metaspace       used 58391K, capacity 60144K, committed 60208K, reserved 1101824K
  class space    used 7321K, capacity 8014K, committed 8064K, reserved 1048576K
}

