# JRE version: Java(TM) SE Runtime Environment 18.9 (11.0.20+9) (build 11.0.20+9-LTS-256)
# Java VM: Java HotSpot(TM) 64-Bit Server VM 18.9 (11.0.20+9-LTS-256, mixed mode, tiered, compressed oops, g1 gc, windows-amd64)
Heap:
 garbage-first heap   total 940032K, used 321123K [0x0000000505400000, 0x0000000800000000)
  region size 2048K, 150 young (307200K), 22 survivors (45056K)
 Metaspace       used 92753K, capacity 96917K, committed 97104K, reserved 1134592K
  class space    used 11418K, capacity 12952K, committed 13056K, reserved 1048576K
GC Heap History (10 events):
Event: 4.185 GC heap before
{Heap before GC invocations=6 (full 0):
 garbage-first heap   total 782336K, used 24526K [0x0000000505400000, 0x0000000800000000)
  region size 2048K, 7 young (14336K), 4 survivors (8192K)
 Metaspace       used 34782K, capacity 35793K, committed 35888K, reserved 1081344K
  class space    used 4235K, capacity 4652K, committed 4736K, reserved 1048576K
}
Event: 4.192 GC heap after
{Heap after GC invocations=7 (full 0):
 garbage-first heap   total 782336K, used 20534K [0x0000000505400000, 0x0000000800000000)
  region size 2048K, 5 young (10240K), 5 survivors (10240K)
 Metaspace       used 34782K, capacity 35793K, committed 35888K, reserved 1081344K
  class space    used 4235K, capacity 4652K, committed 4736K, reserved 1048576K
}
Event: 5.510 GC heap before
{Heap before GC invocations=8 (full 0):
 garbage-first heap   total 782336K, used 155702K [0x0000000505400000, 0x0000000800000000)
  region size 2048K, 71 young (145408K), 5 survivors (10240K)
 Metaspace       used 38529K, capacity 39723K, committed 39984K, reserved 1083392K
  class space    used 4747K, capacity 5225K, committed 5248K, reserved 1048576K
}
Event: 5.518 GC heap after
{Heap after GC invocations=9 (full 0):
 garbage-first heap   total 782336K, used 24754K [0x0000000505400000, 0x0000000800000000)
  region size 2048K, 7 young (14336K), 7 survivors (14336K)
 Metaspace       used 38529K, capacity 39723K, committed 39984K, reserved 1083392K
  class space    used 4747K, capacity 5225K, committed 5248K, reserved 1048576K
}
Event: 12.047 GC heap before
{Heap before GC invocations=9 (full 0):
 garbage-first heap   total 782336K, used 393394K [0x0000000505400000, 0x0000000800000000)
  region size 2048K, 187 young (382976K), 7 survivors (14336K)
 Metaspace       used 58538K, capacity 60131K, committed 60240K, reserved 1101824K
  class space    used 7237K, capacity 7877K, committed 7936K, reserved 1048576K
}
Event: 12.074 GC heap after
{Heap after GC invocations=10 (full 0):
 garbage-first heap   total 782336K, used 34766K [0x0000000505400000, 0x0000000800000000)
  region size 2048K, 11 young (22528K), 11 survivors (22528K)
 Metaspace       used 58538K, capacity 60131K, committed 60240K, reserved 1101824K
  class space    used 7237K, capacity 7877K, committed 7936K, reserved 1048576K
}
Event: 21.063 GC heap before
{Heap before GC invocations=11 (full 0):
 garbage-first heap   total 782336K, used 481230K [0x0000000505400000, 0x0000000800000000)
  region size 2048K, 229 young (468992K), 11 survivors (22528K)
 Metaspace       used 73716K, capacity 75873K, committed 75984K, reserved 1116160K
  class space    used 9008K, capacity 9831K, committed 9856K, reserved 1048576K
}
Event: 21.087 GC heap after
{Heap after GC invocations=12 (full 0):
 garbage-first heap   total 782336K, used 46436K [0x0000000505400000, 0x0000000800000000)
  region size 2048K, 17 young (34816K), 17 survivors (34816K)
 Metaspace       used 73716K, capacity 75873K, committed 75984K, reserved 1116160K
  class space    used 9008K, capacity 9831K, committed 9856K, reserved 1048576K
}
Event: 232.599 GC heap before
{Heap before GC invocations=12 (full 0):
 garbage-first heap   total 782336K, used 478564K [0x0000000505400000, 0x0000000800000000)
  region size 2048K, 229 young (468992K), 17 survivors (34816K)
 Metaspace       used 89896K, capacity 93428K, committed 93648K, reserved 1130496K
  class space    used 11007K, capacity 12319K, committed 12416K, reserved 1048576K
}
Event: 232.635 GC heap after
{Heap after GC invocations=13 (full 0):
 garbage-first heap   total 940032K, used 61027K [0x0000000505400000, 0x0000000800000000)
  region size 2048K, 22 young (45056K), 22 survivors (45056K)
 Metaspace       used 89896K, capacity 93428K, committed 93648K, reserved 1130496K
  class space    used 11007K, capacity 12319K, committed 12416K, reserved 1048576K
}

